<?xml version="1.0" encoding="UTF-8"?>
<!-- Generated by org.testng.reporters.JUnitReportReporter -->
<testsuite hostname="Abdulraheem" failures="0" tests="1" name="soso" time="6.379" errors="0" timestamp="2024-02-29T19:00:06 EET" skipped="0">
  <testcase classname="soso" name="login" time="6.379"/>
  <system-out/>
</testsuite> <!-- soso -->
