<?xml version="1.0" encoding="UTF-8"?>
<!-- Generated by org.testng.reporters.JUnitReportReporter -->
<testsuite hostname="Abdulraheem" failures="0" tests="3" name="MyTestCases" time="1.395" errors="0" timestamp="2024-06-02T18:35:18 EET" skipped="0">
  <testcase classname="MyTestCases" name="Login" time="0.256"/>
  <system-out/>
  <testcase classname="MyTestCases" name="verifiyTheWordProductIsThere" time="0.033"/>
  <system-out/>
  <testcase classname="MyTestCases" name="SortingItems" time="1.106"/>
  <system-out/>
</testsuite> <!-- MyTestCases -->
